[error] Failed to fetch Firebase Project from Studio Workspace because WORKSPACE_SLUG environment variable is empty
[error] Failed to fetch Firebase Project from Studio Workspace because WORKSPACE_SLUG environment variable is empty
[error] Failed to fetch Firebase Project from Studio Workspace because WORKSPACE_SLUG environment variable is empty
[error] Failed to fetch Firebase Project from Studio Workspace because WORKSPACE_SLUG environment variable is empty
[debug] [2025-12-05T06:50:13.112Z] > command requires scopes: ["email","openid","https://www.googleapis.com/auth/cloudplatformprojects.readonly","https://www.googleapis.com/auth/firebase","https://www.googleapis.com/auth/cloud-platform","https://www.googleapis.com/auth/userinfo.email"]
[debug] [2025-12-05T06:50:13.113Z] > authorizing via signed-in user (jasling613@gmail.com)
[debug] [2025-12-05T06:50:13.126Z] Checked if tokens are valid: false, expires at: 1764910954439
[debug] [2025-12-05T06:50:13.126Z] Checked if tokens are valid: false, expires at: 1764910954439
[debug] [2025-12-05T06:50:13.127Z] > refreshing access token with scopes: []
[debug] [2025-12-05T06:50:13.130Z] >>> [apiv2][query] POST https://www.googleapis.com/oauth2/v3/token [none]
[debug] [2025-12-05T06:50:13.130Z] >>> [apiv2][body] POST https://www.googleapis.com/oauth2/v3/token [omitted]
[debug] [2025-12-05T06:50:13.135Z] Checked if tokens are valid: false, expires at: 1764910954439
[debug] [2025-12-05T06:50:13.135Z] Checked if tokens are valid: false, expires at: 1764910954439
[debug] [2025-12-05T06:50:13.136Z] > refreshing access token with scopes: []
[debug] [2025-12-05T06:50:13.137Z] >>> [apiv2][query] POST https://www.googleapis.com/oauth2/v3/token [none]
[debug] [2025-12-05T06:50:13.137Z] >>> [apiv2][body] POST https://www.googleapis.com/oauth2/v3/token [omitted]
[debug] [2025-12-05T06:50:13.152Z] Checked if tokens are valid: false, expires at: 1764910954439
[debug] [2025-12-05T06:50:13.153Z] Checked if tokens are valid: false, expires at: 1764910954439
[debug] [2025-12-05T06:50:13.153Z] > refreshing access token with scopes: []
[debug] [2025-12-05T06:50:13.154Z] >>> [apiv2][query] POST https://www.googleapis.com/oauth2/v3/token [none]
[debug] [2025-12-05T06:50:13.154Z] >>> [apiv2][body] POST https://www.googleapis.com/oauth2/v3/token [omitted]
[debug] [2025-12-05T06:50:13.157Z] Checked if tokens are valid: false, expires at: 1764910954439
[debug] [2025-12-05T06:50:13.158Z] Checked if tokens are valid: false, expires at: 1764910954439
[debug] [2025-12-05T06:50:13.158Z] > refreshing access token with scopes: []
[debug] [2025-12-05T06:50:13.158Z] >>> [apiv2][query] POST https://www.googleapis.com/oauth2/v3/token [none]
[debug] [2025-12-05T06:50:13.158Z] >>> [apiv2][body] POST https://www.googleapis.com/oauth2/v3/token [omitted]
[debug] [2025-12-05T06:50:13.161Z] > command requires scopes: ["email","openid","https://www.googleapis.com/auth/cloudplatformprojects.readonly","https://www.googleapis.com/auth/firebase","https://www.googleapis.com/auth/cloud-platform","https://www.googleapis.com/auth/userinfo.email"]
[debug] [2025-12-05T06:50:13.161Z] > authorizing via signed-in user (jasling613@gmail.com)
[debug] [2025-12-05T06:50:13.162Z] Checked if tokens are valid: false, expires at: 1764910954439
[debug] [2025-12-05T06:50:13.163Z] Checked if tokens are valid: false, expires at: 1764910954439
[debug] [2025-12-05T06:50:13.163Z] > refreshing access token with scopes: []
[debug] [2025-12-05T06:50:13.164Z] >>> [apiv2][query] POST https://www.googleapis.com/oauth2/v3/token [none]
[debug] [2025-12-05T06:50:13.164Z] >>> [apiv2][body] POST https://www.googleapis.com/oauth2/v3/token [omitted]
[debug] [2025-12-05T06:50:13.167Z] Checked if tokens are valid: false, expires at: 1764910954439
[debug] [2025-12-05T06:50:13.167Z] Checked if tokens are valid: false, expires at: 1764910954439
[debug] [2025-12-05T06:50:13.167Z] > refreshing access token with scopes: []
[debug] [2025-12-05T06:50:13.167Z] >>> [apiv2][query] POST https://www.googleapis.com/oauth2/v3/token [none]
[debug] [2025-12-05T06:50:13.167Z] >>> [apiv2][body] POST https://www.googleapis.com/oauth2/v3/token [omitted]
[debug] [2025-12-05T06:50:13.172Z] Checked if tokens are valid: false, expires at: 1764910954439
[debug] [2025-12-05T06:50:13.172Z] Checked if tokens are valid: false, expires at: 1764910954439
[debug] [2025-12-05T06:50:13.172Z] > refreshing access token with scopes: []
[debug] [2025-12-05T06:50:13.172Z] >>> [apiv2][query] POST https://www.googleapis.com/oauth2/v3/token [none]
[debug] [2025-12-05T06:50:13.172Z] >>> [apiv2][body] POST https://www.googleapis.com/oauth2/v3/token [omitted]
[debug] [2025-12-05T06:50:13.174Z] Checked if tokens are valid: false, expires at: 1764910954439
[debug] [2025-12-05T06:50:13.174Z] Checked if tokens are valid: false, expires at: 1764910954439
[debug] [2025-12-05T06:50:13.174Z] > refreshing access token with scopes: []
[debug] [2025-12-05T06:50:13.174Z] >>> [apiv2][query] POST https://www.googleapis.com/oauth2/v3/token [none]
[debug] [2025-12-05T06:50:13.174Z] >>> [apiv2][body] POST https://www.googleapis.com/oauth2/v3/token [omitted]
[debug] [2025-12-05T06:50:13.301Z] <<< [apiv2][status] POST https://www.googleapis.com/oauth2/v3/token 200
[debug] [2025-12-05T06:50:13.301Z] <<< [apiv2][body] POST https://www.googleapis.com/oauth2/v3/token [omitted]
[debug] [2025-12-05T06:50:13.323Z] >>> [apiv2][query] GET https://serviceusage.googleapis.com/v1/projects/jaslinghome/services/firestore.googleapis.com [none]
[debug] [2025-12-05T06:50:13.323Z] >>> [apiv2][(partial)header] GET https://serviceusage.googleapis.com/v1/projects/jaslinghome/services/firestore.googleapis.com x-goog-quota-user=projects/jaslinghome
[debug] [2025-12-05T06:50:13.331Z] <<< [apiv2][status] POST https://www.googleapis.com/oauth2/v3/token 200
[debug] [2025-12-05T06:50:13.332Z] <<< [apiv2][body] POST https://www.googleapis.com/oauth2/v3/token [omitted]
[debug] [2025-12-05T06:50:13.347Z] >>> [apiv2][query] GET https://serviceusage.googleapis.com/v1/projects/jaslinghome/services/firebaseio.com [none]
[debug] [2025-12-05T06:50:13.347Z] >>> [apiv2][(partial)header] GET https://serviceusage.googleapis.com/v1/projects/jaslinghome/services/firebaseio.com x-goog-quota-user=projects/jaslinghome
[debug] [2025-12-05T06:50:13.388Z] <<< [apiv2][status] POST https://www.googleapis.com/oauth2/v3/token 200
[debug] [2025-12-05T06:50:13.389Z] <<< [apiv2][body] POST https://www.googleapis.com/oauth2/v3/token [omitted]
[debug] [2025-12-05T06:50:13.408Z] >>> [apiv2][query] GET https://serviceusage.googleapis.com/v1/projects/jaslinghome/services/firebaseapphosting.googleapis.com [none]
[debug] [2025-12-05T06:50:13.408Z] >>> [apiv2][(partial)header] GET https://serviceusage.googleapis.com/v1/projects/jaslinghome/services/firebaseapphosting.googleapis.com x-goog-quota-user=projects/jaslinghome
[debug] [2025-12-05T06:50:13.417Z] <<< [apiv2][status] POST https://www.googleapis.com/oauth2/v3/token 200
[debug] [2025-12-05T06:50:13.418Z] <<< [apiv2][body] POST https://www.googleapis.com/oauth2/v3/token [omitted]
[debug] [2025-12-05T06:50:13.436Z] >>> [apiv2][query] GET https://serviceusage.googleapis.com/v1/projects/jaslinghome/services/firebaseapphosting.googleapis.com [none]
[debug] [2025-12-05T06:50:13.436Z] >>> [apiv2][(partial)header] GET https://serviceusage.googleapis.com/v1/projects/jaslinghome/services/firebaseapphosting.googleapis.com x-goog-quota-user=projects/jaslinghome
[debug] [2025-12-05T06:50:13.443Z] <<< [apiv2][status] POST https://www.googleapis.com/oauth2/v3/token 200
[debug] [2025-12-05T06:50:13.444Z] <<< [apiv2][body] POST https://www.googleapis.com/oauth2/v3/token [omitted]
[debug] [2025-12-05T06:50:13.462Z] >>> [apiv2][query] GET https://serviceusage.googleapis.com/v1/projects/jaslinghome/services/firebasedataconnect.googleapis.com [none]
[debug] [2025-12-05T06:50:13.462Z] >>> [apiv2][(partial)header] GET https://serviceusage.googleapis.com/v1/projects/jaslinghome/services/firebasedataconnect.googleapis.com x-goog-quota-user=projects/jaslinghome
[debug] [2025-12-05T06:50:13.466Z] <<< [apiv2][status] POST https://www.googleapis.com/oauth2/v3/token 200
[debug] [2025-12-05T06:50:13.466Z] <<< [apiv2][body] POST https://www.googleapis.com/oauth2/v3/token [omitted]
[debug] [2025-12-05T06:50:13.479Z] >>> [apiv2][query] GET https://serviceusage.googleapis.com/v1/projects/jaslinghome/services/firestore.googleapis.com [none]
[debug] [2025-12-05T06:50:13.480Z] >>> [apiv2][(partial)header] GET https://serviceusage.googleapis.com/v1/projects/jaslinghome/services/firestore.googleapis.com x-goog-quota-user=projects/jaslinghome
[debug] [2025-12-05T06:50:13.487Z] <<< [apiv2][status] POST https://www.googleapis.com/oauth2/v3/token 200
[debug] [2025-12-05T06:50:13.487Z] <<< [apiv2][body] POST https://www.googleapis.com/oauth2/v3/token [omitted]
[debug] [2025-12-05T06:50:13.503Z] >>> [apiv2][query] GET https://serviceusage.googleapis.com/v1/projects/jaslinghome/services/firebaseio.com [none]
[debug] [2025-12-05T06:50:13.503Z] >>> [apiv2][(partial)header] GET https://serviceusage.googleapis.com/v1/projects/jaslinghome/services/firebaseio.com x-goog-quota-user=projects/jaslinghome
[debug] [2025-12-05T06:50:13.526Z] <<< [apiv2][status] POST https://www.googleapis.com/oauth2/v3/token 200
[debug] [2025-12-05T06:50:13.528Z] <<< [apiv2][body] POST https://www.googleapis.com/oauth2/v3/token [omitted]
[debug] [2025-12-05T06:50:13.546Z] >>> [apiv2][query] GET https://serviceusage.googleapis.com/v1/projects/jaslinghome/services/firebasedataconnect.googleapis.com [none]
[debug] [2025-12-05T06:50:13.547Z] >>> [apiv2][(partial)header] GET https://serviceusage.googleapis.com/v1/projects/jaslinghome/services/firebasedataconnect.googleapis.com x-goog-quota-user=projects/jaslinghome
[debug] [2025-12-05T06:50:14.337Z] <<< [apiv2][status] GET https://serviceusage.googleapis.com/v1/projects/jaslinghome/services/firestore.googleapis.com 403
[debug] [2025-12-05T06:50:14.337Z] <<< [apiv2][body] GET https://serviceusage.googleapis.com/v1/projects/jaslinghome/services/firestore.googleapis.com [omitted]
[debug] [2025-12-05T06:50:14.370Z] <<< [apiv2][status] GET https://serviceusage.googleapis.com/v1/projects/jaslinghome/services/firebaseio.com 403
[debug] [2025-12-05T06:50:14.370Z] <<< [apiv2][body] GET https://serviceusage.googleapis.com/v1/projects/jaslinghome/services/firebaseio.com [omitted]
[debug] [2025-12-05T06:50:14.454Z] <<< [apiv2][status] GET https://serviceusage.googleapis.com/v1/projects/jaslinghome/services/firebaseapphosting.googleapis.com 403
[debug] [2025-12-05T06:50:14.454Z] <<< [apiv2][body] GET https://serviceusage.googleapis.com/v1/projects/jaslinghome/services/firebaseapphosting.googleapis.com [omitted]
[debug] [2025-12-05T06:50:14.471Z] <<< [apiv2][status] GET https://serviceusage.googleapis.com/v1/projects/jaslinghome/services/firebaseapphosting.googleapis.com 403
[debug] [2025-12-05T06:50:14.471Z] <<< [apiv2][body] GET https://serviceusage.googleapis.com/v1/projects/jaslinghome/services/firebaseapphosting.googleapis.com [omitted]
[debug] [2025-12-05T06:50:14.481Z] <<< [apiv2][status] GET https://serviceusage.googleapis.com/v1/projects/jaslinghome/services/firestore.googleapis.com 403
[debug] [2025-12-05T06:50:14.481Z] <<< [apiv2][body] GET https://serviceusage.googleapis.com/v1/projects/jaslinghome/services/firestore.googleapis.com [omitted]
[debug] [2025-12-05T06:50:14.503Z] <<< [apiv2][status] GET https://serviceusage.googleapis.com/v1/projects/jaslinghome/services/firebaseio.com 403
[debug] [2025-12-05T06:50:14.503Z] <<< [apiv2][body] GET https://serviceusage.googleapis.com/v1/projects/jaslinghome/services/firebaseio.com [omitted]
[debug] [2025-12-05T06:50:14.508Z] <<< [apiv2][status] GET https://serviceusage.googleapis.com/v1/projects/jaslinghome/services/firebasedataconnect.googleapis.com 403
[debug] [2025-12-05T06:50:14.508Z] <<< [apiv2][body] GET https://serviceusage.googleapis.com/v1/projects/jaslinghome/services/firebasedataconnect.googleapis.com [omitted]
[error] Failed to fetch Firebase Project from Studio Workspace because WORKSPACE_SLUG environment variable is empty
[error] Failed to fetch Firebase Project from Studio Workspace because WORKSPACE_SLUG environment variable is empty
[error] Failed to fetch Firebase Project from Studio Workspace because WORKSPACE_SLUG environment variable is empty
[debug] [2025-12-05T06:50:14.530Z] > command requires scopes: ["email","openid","https://www.googleapis.com/auth/cloudplatformprojects.readonly","https://www.googleapis.com/auth/firebase","https://www.googleapis.com/auth/cloud-platform","https://www.googleapis.com/auth/userinfo.email"]
[debug] [2025-12-05T06:50:14.530Z] > authorizing via signed-in user (jasling613@gmail.com)
[error] Failed to fetch Firebase Project from Studio Workspace because WORKSPACE_SLUG environment variable is empty
[debug] [2025-12-05T06:50:14.538Z] > command requires scopes: ["email","openid","https://www.googleapis.com/auth/cloudplatformprojects.readonly","https://www.googleapis.com/auth/firebase","https://www.googleapis.com/auth/cloud-platform","https://www.googleapis.com/auth/userinfo.email"]
[debug] [2025-12-05T06:50:14.539Z] > authorizing via signed-in user (jasling613@gmail.com)
[debug] [2025-12-05T06:50:14.543Z] <<< [apiv2][status] GET https://serviceusage.googleapis.com/v1/projects/jaslinghome/services/firebasedataconnect.googleapis.com 403
[debug] [2025-12-05T06:50:14.543Z] <<< [apiv2][body] GET https://serviceusage.googleapis.com/v1/projects/jaslinghome/services/firebasedataconnect.googleapis.com [omitted]
[error] Failed to fetch Firebase Project from Studio Workspace because WORKSPACE_SLUG environment variable is empty
[error] Failed to fetch Firebase Project from Studio Workspace because WORKSPACE_SLUG environment variable is empty
[error] Failed to fetch Firebase Project from Studio Workspace because WORKSPACE_SLUG environment variable is empty
[error] Failed to fetch Firebase Project from Studio Workspace because WORKSPACE_SLUG environment variable is empty
[debug] [2025-12-05T06:50:14.589Z] > command requires scopes: ["email","openid","https://www.googleapis.com/auth/cloudplatformprojects.readonly","https://www.googleapis.com/auth/firebase","https://www.googleapis.com/auth/cloud-platform","https://www.googleapis.com/auth/userinfo.email"]
[debug] [2025-12-05T06:50:14.589Z] > authorizing via signed-in user (jasling613@gmail.com)
[error] Failed to fetch Firebase Project from Studio Workspace because WORKSPACE_SLUG environment variable is empty
[debug] [2025-12-05T06:50:14.591Z] > command requires scopes: ["email","openid","https://www.googleapis.com/auth/cloudplatformprojects.readonly","https://www.googleapis.com/auth/firebase","https://www.googleapis.com/auth/cloud-platform","https://www.googleapis.com/auth/userinfo.email"]
[debug] [2025-12-05T06:50:14.591Z] > authorizing via signed-in user (jasling613@gmail.com)
[error] Failed to fetch Firebase Project from Studio Workspace because WORKSPACE_SLUG environment variable is empty
[error] Failed to fetch Firebase Project from Studio Workspace because WORKSPACE_SLUG environment variable is empty
[debug] [2025-12-05T06:50:14.641Z] > command requires scopes: ["email","openid","https://www.googleapis.com/auth/cloudplatformprojects.readonly","https://www.googleapis.com/auth/firebase","https://www.googleapis.com/auth/cloud-platform","https://www.googleapis.com/auth/userinfo.email"]
[debug] [2025-12-05T06:50:14.643Z] > authorizing via signed-in user (jasling613@gmail.com)
[error] Failed to fetch Firebase Project from Studio Workspace because WORKSPACE_SLUG environment variable is empty
[debug] [2025-12-05T06:50:14.646Z] > command requires scopes: ["email","openid","https://www.googleapis.com/auth/cloudplatformprojects.readonly","https://www.googleapis.com/auth/firebase","https://www.googleapis.com/auth/cloud-platform","https://www.googleapis.com/auth/userinfo.email"]
[debug] [2025-12-05T06:50:14.647Z] > authorizing via signed-in user (jasling613@gmail.com)
[error] Failed to fetch Firebase Project from Studio Workspace because WORKSPACE_SLUG environment variable is empty
[error] Failed to fetch Firebase Project from Studio Workspace because WORKSPACE_SLUG environment variable is empty
[error] Failed to fetch Firebase Project from Studio Workspace because WORKSPACE_SLUG environment variable is empty
[error] Failed to fetch Firebase Project from Studio Workspace because WORKSPACE_SLUG environment variable is empty
[debug] [2025-12-08T00:54:55.480Z] > command requires scopes: ["email","openid","https://www.googleapis.com/auth/cloudplatformprojects.readonly","https://www.googleapis.com/auth/firebase","https://www.googleapis.com/auth/cloud-platform","https://www.googleapis.com/auth/userinfo.email"]
[debug] [2025-12-08T00:54:55.482Z] > authorizing via signed-in user (jasling613@gmail.com)
[debug] [2025-12-08T00:54:55.500Z] Checked if tokens are valid: false, expires at: 1764921012528
[debug] [2025-12-08T00:54:55.500Z] Checked if tokens are valid: false, expires at: 1764921012528
[debug] [2025-12-08T00:54:55.501Z] > refreshing access token with scopes: []
[debug] [2025-12-08T00:54:55.507Z] >>> [apiv2][query] POST https://www.googleapis.com/oauth2/v3/token [none]
[debug] [2025-12-08T00:54:55.507Z] >>> [apiv2][body] POST https://www.googleapis.com/oauth2/v3/token [omitted]
[debug] [2025-12-08T00:54:55.513Z] Checked if tokens are valid: false, expires at: 1764921012528
[debug] [2025-12-08T00:54:55.513Z] Checked if tokens are valid: false, expires at: 1764921012528
[debug] [2025-12-08T00:54:55.515Z] > refreshing access token with scopes: []
[debug] [2025-12-08T00:54:55.515Z] >>> [apiv2][query] POST https://www.googleapis.com/oauth2/v3/token [none]
[debug] [2025-12-08T00:54:55.516Z] >>> [apiv2][body] POST https://www.googleapis.com/oauth2/v3/token [omitted]
[debug] [2025-12-08T00:54:55.538Z] Checked if tokens are valid: false, expires at: 1764921012528
[debug] [2025-12-08T00:54:55.538Z] Checked if tokens are valid: false, expires at: 1764921012528
[debug] [2025-12-08T00:54:55.539Z] > refreshing access token with scopes: []
[debug] [2025-12-08T00:54:55.539Z] >>> [apiv2][query] POST https://www.googleapis.com/oauth2/v3/token [none]
[debug] [2025-12-08T00:54:55.539Z] >>> [apiv2][body] POST https://www.googleapis.com/oauth2/v3/token [omitted]
[debug] [2025-12-08T00:54:55.549Z] Checked if tokens are valid: false, expires at: 1764921012528
[debug] [2025-12-08T00:54:55.549Z] Checked if tokens are valid: false, expires at: 1764921012528
[debug] [2025-12-08T00:54:55.549Z] > refreshing access token with scopes: []
[debug] [2025-12-08T00:54:55.550Z] >>> [apiv2][query] POST https://www.googleapis.com/oauth2/v3/token [none]
[debug] [2025-12-08T00:54:55.550Z] >>> [apiv2][body] POST https://www.googleapis.com/oauth2/v3/token [omitted]
[debug] [2025-12-08T00:54:55.555Z] > command requires scopes: ["email","openid","https://www.googleapis.com/auth/cloudplatformprojects.readonly","https://www.googleapis.com/auth/firebase","https://www.googleapis.com/auth/cloud-platform","https://www.googleapis.com/auth/userinfo.email"]
[debug] [2025-12-08T00:54:55.556Z] > authorizing via signed-in user (jasling613@gmail.com)
[debug] [2025-12-08T00:54:55.561Z] Checked if tokens are valid: false, expires at: 1764921012528
[debug] [2025-12-08T00:54:55.561Z] Checked if tokens are valid: false, expires at: 1764921012528
[debug] [2025-12-08T00:54:55.561Z] > refreshing access token with scopes: []
[debug] [2025-12-08T00:54:55.562Z] >>> [apiv2][query] POST https://www.googleapis.com/oauth2/v3/token [none]
[debug] [2025-12-08T00:54:55.562Z] >>> [apiv2][body] POST https://www.googleapis.com/oauth2/v3/token [omitted]
[debug] [2025-12-08T00:54:55.565Z] Checked if tokens are valid: false, expires at: 1764921012528
[debug] [2025-12-08T00:54:55.565Z] Checked if tokens are valid: false, expires at: 1764921012528
[debug] [2025-12-08T00:54:55.565Z] > refreshing access token with scopes: []
[debug] [2025-12-08T00:54:55.567Z] >>> [apiv2][query] POST https://www.googleapis.com/oauth2/v3/token [none]
[debug] [2025-12-08T00:54:55.567Z] >>> [apiv2][body] POST https://www.googleapis.com/oauth2/v3/token [omitted]
[debug] [2025-12-08T00:54:55.576Z] Checked if tokens are valid: false, expires at: 1764921012528
[debug] [2025-12-08T00:54:55.576Z] Checked if tokens are valid: false, expires at: 1764921012528
[debug] [2025-12-08T00:54:55.576Z] > refreshing access token with scopes: []
[debug] [2025-12-08T00:54:55.576Z] >>> [apiv2][query] POST https://www.googleapis.com/oauth2/v3/token [none]
[debug] [2025-12-08T00:54:55.577Z] >>> [apiv2][body] POST https://www.googleapis.com/oauth2/v3/token [omitted]
[debug] [2025-12-08T00:54:55.582Z] Checked if tokens are valid: false, expires at: 1764921012528
[debug] [2025-12-08T00:54:55.582Z] Checked if tokens are valid: false, expires at: 1764921012528
[debug] [2025-12-08T00:54:55.582Z] > refreshing access token with scopes: []
[debug] [2025-12-08T00:54:55.583Z] >>> [apiv2][query] POST https://www.googleapis.com/oauth2/v3/token [none]
[debug] [2025-12-08T00:54:55.583Z] >>> [apiv2][body] POST https://www.googleapis.com/oauth2/v3/token [omitted]
[debug] [2025-12-08T00:54:55.746Z] <<< [apiv2][status] POST https://www.googleapis.com/oauth2/v3/token 200
[debug] [2025-12-08T00:54:55.746Z] <<< [apiv2][body] POST https://www.googleapis.com/oauth2/v3/token [omitted]
[debug] [2025-12-08T00:54:55.769Z] >>> [apiv2][query] GET https://serviceusage.googleapis.com/v1/projects/jaslinghome/services/firebasedataconnect.googleapis.com [none]
[debug] [2025-12-08T00:54:55.769Z] >>> [apiv2][(partial)header] GET https://serviceusage.googleapis.com/v1/projects/jaslinghome/services/firebasedataconnect.googleapis.com x-goog-quota-user=projects/jaslinghome
[debug] [2025-12-08T00:54:55.792Z] <<< [apiv2][status] POST https://www.googleapis.com/oauth2/v3/token 200
[debug] [2025-12-08T00:54:55.794Z] <<< [apiv2][body] POST https://www.googleapis.com/oauth2/v3/token [omitted]
[debug] [2025-12-08T00:54:55.811Z] >>> [apiv2][query] GET https://serviceusage.googleapis.com/v1/projects/jaslinghome/services/firebaseapphosting.googleapis.com [none]
[debug] [2025-12-08T00:54:55.811Z] >>> [apiv2][(partial)header] GET https://serviceusage.googleapis.com/v1/projects/jaslinghome/services/firebaseapphosting.googleapis.com x-goog-quota-user=projects/jaslinghome
[debug] [2025-12-08T00:54:55.882Z] <<< [apiv2][status] POST https://www.googleapis.com/oauth2/v3/token 200
[debug] [2025-12-08T00:54:55.882Z] <<< [apiv2][body] POST https://www.googleapis.com/oauth2/v3/token [omitted]
[debug] [2025-12-08T00:54:55.899Z] >>> [apiv2][query] GET https://serviceusage.googleapis.com/v1/projects/jaslinghome/services/firebaseio.com [none]
[debug] [2025-12-08T00:54:55.899Z] >>> [apiv2][(partial)header] GET https://serviceusage.googleapis.com/v1/projects/jaslinghome/services/firebaseio.com x-goog-quota-user=projects/jaslinghome
[debug] [2025-12-08T00:54:55.953Z] <<< [apiv2][status] POST https://www.googleapis.com/oauth2/v3/token 200
[debug] [2025-12-08T00:54:55.953Z] <<< [apiv2][body] POST https://www.googleapis.com/oauth2/v3/token [omitted]
[debug] [2025-12-08T00:54:55.969Z] >>> [apiv2][query] GET https://serviceusage.googleapis.com/v1/projects/jaslinghome/services/firestore.googleapis.com [none]
[debug] [2025-12-08T00:54:55.969Z] >>> [apiv2][(partial)header] GET https://serviceusage.googleapis.com/v1/projects/jaslinghome/services/firestore.googleapis.com x-goog-quota-user=projects/jaslinghome
[debug] [2025-12-08T00:54:55.980Z] <<< [apiv2][status] POST https://www.googleapis.com/oauth2/v3/token 200
[debug] [2025-12-08T00:54:55.980Z] <<< [apiv2][body] POST https://www.googleapis.com/oauth2/v3/token [omitted]
[debug] [2025-12-08T00:54:55.997Z] >>> [apiv2][query] GET https://serviceusage.googleapis.com/v1/projects/jaslinghome/services/firebaseio.com [none]
[debug] [2025-12-08T00:54:55.997Z] >>> [apiv2][(partial)header] GET https://serviceusage.googleapis.com/v1/projects/jaslinghome/services/firebaseio.com x-goog-quota-user=projects/jaslinghome
[debug] [2025-12-08T00:54:56.021Z] <<< [apiv2][status] POST https://www.googleapis.com/oauth2/v3/token 200
[debug] [2025-12-08T00:54:56.021Z] <<< [apiv2][body] POST https://www.googleapis.com/oauth2/v3/token [omitted]
[debug] [2025-12-08T00:54:56.052Z] >>> [apiv2][query] GET https://serviceusage.googleapis.com/v1/projects/jaslinghome/services/firestore.googleapis.com [none]
[debug] [2025-12-08T00:54:56.052Z] >>> [apiv2][(partial)header] GET https://serviceusage.googleapis.com/v1/projects/jaslinghome/services/firestore.googleapis.com x-goog-quota-user=projects/jaslinghome
[debug] [2025-12-08T00:54:56.077Z] <<< [apiv2][status] POST https://www.googleapis.com/oauth2/v3/token 200
[debug] [2025-12-08T00:54:56.077Z] <<< [apiv2][body] POST https://www.googleapis.com/oauth2/v3/token [omitted]
[debug] [2025-12-08T00:54:56.088Z] >>> [apiv2][query] GET https://serviceusage.googleapis.com/v1/projects/jaslinghome/services/firebaseapphosting.googleapis.com [none]
[debug] [2025-12-08T00:54:56.088Z] >>> [apiv2][(partial)header] GET https://serviceusage.googleapis.com/v1/projects/jaslinghome/services/firebaseapphosting.googleapis.com x-goog-quota-user=projects/jaslinghome
[debug] [2025-12-08T00:54:56.098Z] <<< [apiv2][status] POST https://www.googleapis.com/oauth2/v3/token 200
[debug] [2025-12-08T00:54:56.099Z] <<< [apiv2][body] POST https://www.googleapis.com/oauth2/v3/token [omitted]
[debug] [2025-12-08T00:54:56.122Z] >>> [apiv2][query] GET https://serviceusage.googleapis.com/v1/projects/jaslinghome/services/firebasedataconnect.googleapis.com [none]
[debug] [2025-12-08T00:54:56.122Z] >>> [apiv2][(partial)header] GET https://serviceusage.googleapis.com/v1/projects/jaslinghome/services/firebasedataconnect.googleapis.com x-goog-quota-user=projects/jaslinghome
[debug] [2025-12-08T00:54:56.831Z] <<< [apiv2][status] GET https://serviceusage.googleapis.com/v1/projects/jaslinghome/services/firebasedataconnect.googleapis.com 403
[debug] [2025-12-08T00:54:56.832Z] <<< [apiv2][body] GET https://serviceusage.googleapis.com/v1/projects/jaslinghome/services/firebasedataconnect.googleapis.com [omitted]
[debug] [2025-12-08T00:54:56.854Z] <<< [apiv2][status] GET https://serviceusage.googleapis.com/v1/projects/jaslinghome/services/firebaseapphosting.googleapis.com 403
[debug] [2025-12-08T00:54:56.857Z] <<< [apiv2][body] GET https://serviceusage.googleapis.com/v1/projects/jaslinghome/services/firebaseapphosting.googleapis.com [omitted]
[debug] [2025-12-08T00:54:56.913Z] <<< [apiv2][status] GET https://serviceusage.googleapis.com/v1/projects/jaslinghome/services/firebaseio.com 403
[debug] [2025-12-08T00:54:56.913Z] <<< [apiv2][body] GET https://serviceusage.googleapis.com/v1/projects/jaslinghome/services/firebaseio.com [omitted]
[debug] [2025-12-08T00:54:56.957Z] <<< [apiv2][status] GET https://serviceusage.googleapis.com/v1/projects/jaslinghome/services/firestore.googleapis.com 403
[debug] [2025-12-08T00:54:56.957Z] <<< [apiv2][body] GET https://serviceusage.googleapis.com/v1/projects/jaslinghome/services/firestore.googleapis.com [omitted]
[error] Failed to fetch Firebase Project from Studio Workspace because WORKSPACE_SLUG environment variable is empty
[error] Failed to fetch Firebase Project from Studio Workspace because WORKSPACE_SLUG environment variable is empty
[error] Failed to fetch Firebase Project from Studio Workspace because WORKSPACE_SLUG environment variable is empty
[debug] [2025-12-08T00:54:56.977Z] > command requires scopes: ["email","openid","https://www.googleapis.com/auth/cloudplatformprojects.readonly","https://www.googleapis.com/auth/firebase","https://www.googleapis.com/auth/cloud-platform","https://www.googleapis.com/auth/userinfo.email"]
[debug] [2025-12-08T00:54:56.977Z] > authorizing via signed-in user (jasling613@gmail.com)
[error] Failed to fetch Firebase Project from Studio Workspace because WORKSPACE_SLUG environment variable is empty
[debug] [2025-12-08T00:54:56.981Z] > command requires scopes: ["email","openid","https://www.googleapis.com/auth/cloudplatformprojects.readonly","https://www.googleapis.com/auth/firebase","https://www.googleapis.com/auth/cloud-platform","https://www.googleapis.com/auth/userinfo.email"]
[debug] [2025-12-08T00:54:56.981Z] > authorizing via signed-in user (jasling613@gmail.com)
[error] Failed to fetch Firebase Project from Studio Workspace because WORKSPACE_SLUG environment variable is empty
[error] Failed to fetch Firebase Project from Studio Workspace because WORKSPACE_SLUG environment variable is empty
[error] Failed to fetch Firebase Project from Studio Workspace because WORKSPACE_SLUG environment variable is empty
[error] Failed to fetch Firebase Project from Studio Workspace because WORKSPACE_SLUG environment variable is empty
[debug] [2025-12-08T00:54:57.033Z] > command requires scopes: ["email","openid","https://www.googleapis.com/auth/cloudplatformprojects.readonly","https://www.googleapis.com/auth/firebase","https://www.googleapis.com/auth/cloud-platform","https://www.googleapis.com/auth/userinfo.email"]
[debug] [2025-12-08T00:54:57.036Z] > authorizing via signed-in user (jasling613@gmail.com)
[error] Failed to fetch Firebase Project from Studio Workspace because WORKSPACE_SLUG environment variable is empty
[debug] [2025-12-08T00:54:57.046Z] > command requires scopes: ["email","openid","https://www.googleapis.com/auth/cloudplatformprojects.readonly","https://www.googleapis.com/auth/firebase","https://www.googleapis.com/auth/cloud-platform","https://www.googleapis.com/auth/userinfo.email"]
[debug] [2025-12-08T00:54:57.046Z] > authorizing via signed-in user (jasling613@gmail.com)
[debug] [2025-12-08T00:54:57.083Z] <<< [apiv2][status] GET https://serviceusage.googleapis.com/v1/projects/jaslinghome/services/firebaseio.com 403
[debug] [2025-12-08T00:54:57.083Z] <<< [apiv2][body] GET https://serviceusage.googleapis.com/v1/projects/jaslinghome/services/firebaseio.com [omitted]
[error] Failed to fetch Firebase Project from Studio Workspace because WORKSPACE_SLUG environment variable is empty
[error] Failed to fetch Firebase Project from Studio Workspace because WORKSPACE_SLUG environment variable is empty
[debug] [2025-12-08T00:54:57.095Z] > command requires scopes: ["email","openid","https://www.googleapis.com/auth/cloudplatformprojects.readonly","https://www.googleapis.com/auth/firebase","https://www.googleapis.com/auth/cloud-platform","https://www.googleapis.com/auth/userinfo.email"]
[debug] [2025-12-08T00:54:57.095Z] > authorizing via signed-in user (jasling613@gmail.com)
[error] Failed to fetch Firebase Project from Studio Workspace because WORKSPACE_SLUG environment variable is empty
[debug] [2025-12-08T00:54:57.097Z] > command requires scopes: ["email","openid","https://www.googleapis.com/auth/cloudplatformprojects.readonly","https://www.googleapis.com/auth/firebase","https://www.googleapis.com/auth/cloud-platform","https://www.googleapis.com/auth/userinfo.email"]
[debug] [2025-12-08T00:54:57.097Z] > authorizing via signed-in user (jasling613@gmail.com)
[debug] [2025-12-08T00:54:57.106Z] <<< [apiv2][status] GET https://serviceusage.googleapis.com/v1/projects/jaslinghome/services/firebaseapphosting.googleapis.com 403
[debug] [2025-12-08T00:54:57.106Z] <<< [apiv2][body] GET https://serviceusage.googleapis.com/v1/projects/jaslinghome/services/firebaseapphosting.googleapis.com [omitted]
[debug] [2025-12-08T00:54:57.118Z] <<< [apiv2][status] GET https://serviceusage.googleapis.com/v1/projects/jaslinghome/services/firestore.googleapis.com 403
[debug] [2025-12-08T00:54:57.118Z] <<< [apiv2][body] GET https://serviceusage.googleapis.com/v1/projects/jaslinghome/services/firestore.googleapis.com [omitted]
[debug] [2025-12-08T00:54:57.141Z] <<< [apiv2][status] GET https://serviceusage.googleapis.com/v1/projects/jaslinghome/services/firebasedataconnect.googleapis.com 403
[debug] [2025-12-08T00:54:57.142Z] <<< [apiv2][body] GET https://serviceusage.googleapis.com/v1/projects/jaslinghome/services/firebasedataconnect.googleapis.com [omitted]
[error] Failed to fetch Firebase Project from Studio Workspace because WORKSPACE_SLUG environment variable is empty
[error] Failed to fetch Firebase Project from Studio Workspace because WORKSPACE_SLUG environment variable is empty
[error] Failed to fetch Firebase Project from Studio Workspace because WORKSPACE_SLUG environment variable is empty
[error] Failed to fetch Firebase Project from Studio Workspace because WORKSPACE_SLUG environment variable is empty
[debug] [2025-12-08T01:36:20.517Z] > command requires scopes: ["email","openid","https://www.googleapis.com/auth/cloudplatformprojects.readonly","https://www.googleapis.com/auth/firebase","https://www.googleapis.com/auth/cloud-platform","https://www.googleapis.com/auth/userinfo.email"]
[debug] [2025-12-08T01:36:20.518Z] > authorizing via signed-in user (jasling613@gmail.com)
[debug] [2025-12-08T01:36:20.525Z] Checked if tokens are valid: true, expires at: 1765158895103
[debug] [2025-12-08T01:36:20.526Z] Checked if tokens are valid: true, expires at: 1765158895103
[debug] [2025-12-08T01:36:20.527Z] Checked if tokens are valid: true, expires at: 1765158895103
[debug] [2025-12-08T01:36:20.527Z] Checked if tokens are valid: true, expires at: 1765158895103
[debug] [2025-12-08T01:36:20.537Z] Checked if tokens are valid: true, expires at: 1765158895103
[debug] [2025-12-08T01:36:20.537Z] Checked if tokens are valid: true, expires at: 1765158895103
[debug] [2025-12-08T01:36:20.538Z] Checked if tokens are valid: true, expires at: 1765158895103
[debug] [2025-12-08T01:36:20.538Z] Checked if tokens are valid: true, expires at: 1765158895103
[debug] [2025-12-08T01:36:20.538Z] > command requires scopes: ["email","openid","https://www.googleapis.com/auth/cloudplatformprojects.readonly","https://www.googleapis.com/auth/firebase","https://www.googleapis.com/auth/cloud-platform","https://www.googleapis.com/auth/userinfo.email"]
[debug] [2025-12-08T01:36:20.538Z] > authorizing via signed-in user (jasling613@gmail.com)
[debug] [2025-12-08T01:36:20.540Z] >>> [apiv2][query] GET https://serviceusage.googleapis.com/v1/projects/jaslinghome/services/firestore.googleapis.com [none]
[debug] [2025-12-08T01:36:20.540Z] >>> [apiv2][(partial)header] GET https://serviceusage.googleapis.com/v1/projects/jaslinghome/services/firestore.googleapis.com x-goog-quota-user=projects/jaslinghome
[debug] [2025-12-08T01:36:20.542Z] >>> [apiv2][query] GET https://serviceusage.googleapis.com/v1/projects/jaslinghome/services/firebasedataconnect.googleapis.com [none]
[debug] [2025-12-08T01:36:20.543Z] >>> [apiv2][(partial)header] GET https://serviceusage.googleapis.com/v1/projects/jaslinghome/services/firebasedataconnect.googleapis.com x-goog-quota-user=projects/jaslinghome
[debug] [2025-12-08T01:36:20.545Z] >>> [apiv2][query] GET https://serviceusage.googleapis.com/v1/projects/jaslinghome/services/firebaseapphosting.googleapis.com [none]
[debug] [2025-12-08T01:36:20.545Z] >>> [apiv2][(partial)header] GET https://serviceusage.googleapis.com/v1/projects/jaslinghome/services/firebaseapphosting.googleapis.com x-goog-quota-user=projects/jaslinghome
[debug] [2025-12-08T01:36:20.547Z] >>> [apiv2][query] GET https://serviceusage.googleapis.com/v1/projects/jaslinghome/services/firebaseio.com [none]
[debug] [2025-12-08T01:36:20.547Z] >>> [apiv2][(partial)header] GET https://serviceusage.googleapis.com/v1/projects/jaslinghome/services/firebaseio.com x-goog-quota-user=projects/jaslinghome
[debug] [2025-12-08T01:36:20.548Z] Checked if tokens are valid: true, expires at: 1765158895103
[debug] [2025-12-08T01:36:20.549Z] Checked if tokens are valid: true, expires at: 1765158895103
[debug] [2025-12-08T01:36:20.549Z] Checked if tokens are valid: true, expires at: 1765158895103
[debug] [2025-12-08T01:36:20.549Z] Checked if tokens are valid: true, expires at: 1765158895103
[debug] [2025-12-08T01:36:20.551Z] Checked if tokens are valid: true, expires at: 1765158895103
[debug] [2025-12-08T01:36:20.551Z] Checked if tokens are valid: true, expires at: 1765158895103
[debug] [2025-12-08T01:36:20.551Z] Checked if tokens are valid: true, expires at: 1765158895103
[debug] [2025-12-08T01:36:20.551Z] Checked if tokens are valid: true, expires at: 1765158895103
[debug] [2025-12-08T01:36:20.552Z] >>> [apiv2][query] GET https://serviceusage.googleapis.com/v1/projects/jaslinghome/services/firestore.googleapis.com [none]
[debug] [2025-12-08T01:36:20.552Z] >>> [apiv2][(partial)header] GET https://serviceusage.googleapis.com/v1/projects/jaslinghome/services/firestore.googleapis.com x-goog-quota-user=projects/jaslinghome
[debug] [2025-12-08T01:36:20.554Z] >>> [apiv2][query] GET https://serviceusage.googleapis.com/v1/projects/jaslinghome/services/firebasedataconnect.googleapis.com [none]
[debug] [2025-12-08T01:36:20.555Z] >>> [apiv2][(partial)header] GET https://serviceusage.googleapis.com/v1/projects/jaslinghome/services/firebasedataconnect.googleapis.com x-goog-quota-user=projects/jaslinghome
[debug] [2025-12-08T01:36:20.556Z] >>> [apiv2][query] GET https://serviceusage.googleapis.com/v1/projects/jaslinghome/services/firebaseapphosting.googleapis.com [none]
[debug] [2025-12-08T01:36:20.557Z] >>> [apiv2][(partial)header] GET https://serviceusage.googleapis.com/v1/projects/jaslinghome/services/firebaseapphosting.googleapis.com x-goog-quota-user=projects/jaslinghome
[debug] [2025-12-08T01:36:20.558Z] >>> [apiv2][query] GET https://serviceusage.googleapis.com/v1/projects/jaslinghome/services/firebaseio.com [none]
[debug] [2025-12-08T01:36:20.558Z] >>> [apiv2][(partial)header] GET https://serviceusage.googleapis.com/v1/projects/jaslinghome/services/firebaseio.com x-goog-quota-user=projects/jaslinghome
[debug] [2025-12-08T01:36:21.536Z] <<< [apiv2][status] GET https://serviceusage.googleapis.com/v1/projects/jaslinghome/services/firebaseapphosting.googleapis.com 403
[debug] [2025-12-08T01:36:21.536Z] <<< [apiv2][body] GET https://serviceusage.googleapis.com/v1/projects/jaslinghome/services/firebaseapphosting.googleapis.com [omitted]
[debug] [2025-12-08T01:36:21.553Z] <<< [apiv2][status] GET https://serviceusage.googleapis.com/v1/projects/jaslinghome/services/firebaseio.com 403
[debug] [2025-12-08T01:36:21.553Z] <<< [apiv2][body] GET https://serviceusage.googleapis.com/v1/projects/jaslinghome/services/firebaseio.com [omitted]
[debug] [2025-12-08T01:36:21.567Z] <<< [apiv2][status] GET https://serviceusage.googleapis.com/v1/projects/jaslinghome/services/firebaseio.com 403
[debug] [2025-12-08T01:36:21.567Z] <<< [apiv2][body] GET https://serviceusage.googleapis.com/v1/projects/jaslinghome/services/firebaseio.com [omitted]
[debug] [2025-12-08T01:36:21.573Z] <<< [apiv2][status] GET https://serviceusage.googleapis.com/v1/projects/jaslinghome/services/firebasedataconnect.googleapis.com 403
[debug] [2025-12-08T01:36:21.573Z] <<< [apiv2][body] GET https://serviceusage.googleapis.com/v1/projects/jaslinghome/services/firebasedataconnect.googleapis.com [omitted]
[debug] [2025-12-08T01:36:21.579Z] <<< [apiv2][status] GET https://serviceusage.googleapis.com/v1/projects/jaslinghome/services/firestore.googleapis.com 403
[debug] [2025-12-08T01:36:21.579Z] <<< [apiv2][body] GET https://serviceusage.googleapis.com/v1/projects/jaslinghome/services/firestore.googleapis.com [omitted]
[debug] [2025-12-08T01:36:21.580Z] <<< [apiv2][status] GET https://serviceusage.googleapis.com/v1/projects/jaslinghome/services/firestore.googleapis.com 403
[debug] [2025-12-08T01:36:21.580Z] <<< [apiv2][body] GET https://serviceusage.googleapis.com/v1/projects/jaslinghome/services/firestore.googleapis.com [omitted]
[debug] [2025-12-08T01:36:21.581Z] <<< [apiv2][status] GET https://serviceusage.googleapis.com/v1/projects/jaslinghome/services/firebasedataconnect.googleapis.com 403
[debug] [2025-12-08T01:36:21.581Z] <<< [apiv2][body] GET https://serviceusage.googleapis.com/v1/projects/jaslinghome/services/firebasedataconnect.googleapis.com [omitted]
[error] Failed to fetch Firebase Project from Studio Workspace because WORKSPACE_SLUG environment variable is empty
[debug] [2025-12-08T01:36:21.589Z] <<< [apiv2][status] GET https://serviceusage.googleapis.com/v1/projects/jaslinghome/services/firebaseapphosting.googleapis.com 403
[debug] [2025-12-08T01:36:21.589Z] <<< [apiv2][body] GET https://serviceusage.googleapis.com/v1/projects/jaslinghome/services/firebaseapphosting.googleapis.com [omitted]
[error] Failed to fetch Firebase Project from Studio Workspace because WORKSPACE_SLUG environment variable is empty
[error] Failed to fetch Firebase Project from Studio Workspace because WORKSPACE_SLUG environment variable is empty
[debug] [2025-12-08T01:36:21.600Z] > command requires scopes: ["email","openid","https://www.googleapis.com/auth/cloudplatformprojects.readonly","https://www.googleapis.com/auth/firebase","https://www.googleapis.com/auth/cloud-platform","https://www.googleapis.com/auth/userinfo.email"]
[debug] [2025-12-08T01:36:21.601Z] > authorizing via signed-in user (jasling613@gmail.com)
[error] Failed to fetch Firebase Project from Studio Workspace because WORKSPACE_SLUG environment variable is empty
[debug] [2025-12-08T01:36:21.605Z] > command requires scopes: ["email","openid","https://www.googleapis.com/auth/cloudplatformprojects.readonly","https://www.googleapis.com/auth/firebase","https://www.googleapis.com/auth/cloud-platform","https://www.googleapis.com/auth/userinfo.email"]
[debug] [2025-12-08T01:36:21.605Z] > authorizing via signed-in user (jasling613@gmail.com)
[error] Failed to fetch Firebase Project from Studio Workspace because WORKSPACE_SLUG environment variable is empty
[error] Failed to fetch Firebase Project from Studio Workspace because WORKSPACE_SLUG environment variable is empty
[error] Failed to fetch Firebase Project from Studio Workspace because WORKSPACE_SLUG environment variable is empty
[error] Failed to fetch Firebase Project from Studio Workspace because WORKSPACE_SLUG environment variable is empty
[debug] [2025-12-08T01:36:21.647Z] > command requires scopes: ["email","openid","https://www.googleapis.com/auth/cloudplatformprojects.readonly","https://www.googleapis.com/auth/firebase","https://www.googleapis.com/auth/cloud-platform","https://www.googleapis.com/auth/userinfo.email"]
[debug] [2025-12-08T01:36:21.647Z] > authorizing via signed-in user (jasling613@gmail.com)
[error] Failed to fetch Firebase Project from Studio Workspace because WORKSPACE_SLUG environment variable is empty
[debug] [2025-12-08T01:36:21.651Z] > command requires scopes: ["email","openid","https://www.googleapis.com/auth/cloudplatformprojects.readonly","https://www.googleapis.com/auth/firebase","https://www.googleapis.com/auth/cloud-platform","https://www.googleapis.com/auth/userinfo.email"]
[debug] [2025-12-08T01:36:21.652Z] > authorizing via signed-in user (jasling613@gmail.com)
[error] Failed to fetch Firebase Project from Studio Workspace because WORKSPACE_SLUG environment variable is empty
[error] Failed to fetch Firebase Project from Studio Workspace because WORKSPACE_SLUG environment variable is empty
[debug] [2025-12-08T01:36:21.680Z] > command requires scopes: ["email","openid","https://www.googleapis.com/auth/cloudplatformprojects.readonly","https://www.googleapis.com/auth/firebase","https://www.googleapis.com/auth/cloud-platform","https://www.googleapis.com/auth/userinfo.email"]
[debug] [2025-12-08T01:36:21.680Z] > authorizing via signed-in user (jasling613@gmail.com)
[error] Failed to fetch Firebase Project from Studio Workspace because WORKSPACE_SLUG environment variable is empty
[debug] [2025-12-08T01:36:21.684Z] > command requires scopes: ["email","openid","https://www.googleapis.com/auth/cloudplatformprojects.readonly","https://www.googleapis.com/auth/firebase","https://www.googleapis.com/auth/cloud-platform","https://www.googleapis.com/auth/userinfo.email"]
[debug] [2025-12-08T01:36:21.685Z] > authorizing via signed-in user (jasling613@gmail.com)
[error] Failed to fetch Firebase Project from Studio Workspace because WORKSPACE_SLUG environment variable is empty
[error] Failed to fetch Firebase Project from Studio Workspace because WORKSPACE_SLUG environment variable is empty
[error] Failed to fetch Firebase Project from Studio Workspace because WORKSPACE_SLUG environment variable is empty
[error] Failed to fetch Firebase Project from Studio Workspace because WORKSPACE_SLUG environment variable is empty
[debug] [2025-12-08T09:11:48.454Z] > command requires scopes: ["email","openid","https://www.googleapis.com/auth/cloudplatformprojects.readonly","https://www.googleapis.com/auth/firebase","https://www.googleapis.com/auth/cloud-platform","https://www.googleapis.com/auth/userinfo.email"]
[debug] [2025-12-08T09:11:48.456Z] > authorizing via signed-in user (jasling613@gmail.com)
[debug] [2025-12-08T09:11:48.488Z] Checked if tokens are valid: false, expires at: 1765158895103
[debug] [2025-12-08T09:11:48.491Z] Checked if tokens are valid: false, expires at: 1765158895103
[debug] [2025-12-08T09:11:48.492Z] > refreshing access token with scopes: []
[debug] [2025-12-08T09:11:48.500Z] >>> [apiv2][query] POST https://www.googleapis.com/oauth2/v3/token [none]
[debug] [2025-12-08T09:11:48.500Z] >>> [apiv2][body] POST https://www.googleapis.com/oauth2/v3/token [omitted]
[debug] [2025-12-08T09:11:48.520Z] Checked if tokens are valid: false, expires at: 1765158895103
[debug] [2025-12-08T09:11:48.520Z] Checked if tokens are valid: false, expires at: 1765158895103
[debug] [2025-12-08T09:11:48.521Z] > refreshing access token with scopes: []
[debug] [2025-12-08T09:11:48.526Z] >>> [apiv2][query] POST https://www.googleapis.com/oauth2/v3/token [none]
[debug] [2025-12-08T09:11:48.527Z] >>> [apiv2][body] POST https://www.googleapis.com/oauth2/v3/token [omitted]
[debug] [2025-12-08T09:11:48.549Z] Checked if tokens are valid: false, expires at: 1765158895103
[debug] [2025-12-08T09:11:48.549Z] Checked if tokens are valid: false, expires at: 1765158895103
[debug] [2025-12-08T09:11:48.549Z] > refreshing access token with scopes: []
[debug] [2025-12-08T09:11:48.550Z] >>> [apiv2][query] POST https://www.googleapis.com/oauth2/v3/token [none]
[debug] [2025-12-08T09:11:48.550Z] >>> [apiv2][body] POST https://www.googleapis.com/oauth2/v3/token [omitted]
[debug] [2025-12-08T09:11:48.554Z] Checked if tokens are valid: false, expires at: 1765158895103
[debug] [2025-12-08T09:11:48.554Z] Checked if tokens are valid: false, expires at: 1765158895103
[debug] [2025-12-08T09:11:48.554Z] > refreshing access token with scopes: []
[debug] [2025-12-08T09:11:48.554Z] >>> [apiv2][query] POST https://www.googleapis.com/oauth2/v3/token [none]
[debug] [2025-12-08T09:11:48.554Z] >>> [apiv2][body] POST https://www.googleapis.com/oauth2/v3/token [omitted]
[debug] [2025-12-08T09:11:48.557Z] > command requires scopes: ["email","openid","https://www.googleapis.com/auth/cloudplatformprojects.readonly","https://www.googleapis.com/auth/firebase","https://www.googleapis.com/auth/cloud-platform","https://www.googleapis.com/auth/userinfo.email"]
[debug] [2025-12-08T09:11:48.558Z] > authorizing via signed-in user (jasling613@gmail.com)
[debug] [2025-12-08T09:11:48.559Z] Checked if tokens are valid: false, expires at: 1765158895103
[debug] [2025-12-08T09:11:48.559Z] Checked if tokens are valid: false, expires at: 1765158895103
[debug] [2025-12-08T09:11:48.559Z] > refreshing access token with scopes: []
[debug] [2025-12-08T09:11:48.559Z] >>> [apiv2][query] POST https://www.googleapis.com/oauth2/v3/token [none]
[debug] [2025-12-08T09:11:48.559Z] >>> [apiv2][body] POST https://www.googleapis.com/oauth2/v3/token [omitted]
[debug] [2025-12-08T09:11:48.561Z] Checked if tokens are valid: false, expires at: 1765158895103
[debug] [2025-12-08T09:11:48.561Z] Checked if tokens are valid: false, expires at: 1765158895103
[debug] [2025-12-08T09:11:48.562Z] > refreshing access token with scopes: []
[debug] [2025-12-08T09:11:48.562Z] >>> [apiv2][query] POST https://www.googleapis.com/oauth2/v3/token [none]
[debug] [2025-12-08T09:11:48.562Z] >>> [apiv2][body] POST https://www.googleapis.com/oauth2/v3/token [omitted]
[debug] [2025-12-08T09:11:48.567Z] Checked if tokens are valid: false, expires at: 1765158895103
[debug] [2025-12-08T09:11:48.567Z] Checked if tokens are valid: false, expires at: 1765158895103
[debug] [2025-12-08T09:11:48.567Z] > refreshing access token with scopes: []
[debug] [2025-12-08T09:11:48.572Z] >>> [apiv2][query] POST https://www.googleapis.com/oauth2/v3/token [none]
[debug] [2025-12-08T09:11:48.572Z] >>> [apiv2][body] POST https://www.googleapis.com/oauth2/v3/token [omitted]
[debug] [2025-12-08T09:11:48.576Z] Checked if tokens are valid: false, expires at: 1765158895103
[debug] [2025-12-08T09:11:48.576Z] Checked if tokens are valid: false, expires at: 1765158895103
[debug] [2025-12-08T09:11:48.576Z] > refreshing access token with scopes: []
[debug] [2025-12-08T09:11:48.577Z] >>> [apiv2][query] POST https://www.googleapis.com/oauth2/v3/token [none]
[debug] [2025-12-08T09:11:48.578Z] >>> [apiv2][body] POST https://www.googleapis.com/oauth2/v3/token [omitted]
[debug] [2025-12-08T09:11:48.799Z] <<< [apiv2][status] POST https://www.googleapis.com/oauth2/v3/token 200
[debug] [2025-12-08T09:11:48.799Z] <<< [apiv2][body] POST https://www.googleapis.com/oauth2/v3/token [omitted]
[debug] [2025-12-08T09:11:48.825Z] >>> [apiv2][query] GET https://serviceusage.googleapis.com/v1/projects/jaslinghome/services/firestore.googleapis.com [none]
[debug] [2025-12-08T09:11:48.825Z] >>> [apiv2][(partial)header] GET https://serviceusage.googleapis.com/v1/projects/jaslinghome/services/firestore.googleapis.com x-goog-quota-user=projects/jaslinghome
[debug] [2025-12-08T09:11:48.833Z] <<< [apiv2][status] POST https://www.googleapis.com/oauth2/v3/token 200
[debug] [2025-12-08T09:11:48.833Z] <<< [apiv2][body] POST https://www.googleapis.com/oauth2/v3/token [omitted]
[debug] [2025-12-08T09:11:48.847Z] >>> [apiv2][query] GET https://serviceusage.googleapis.com/v1/projects/jaslinghome/services/firebaseio.com [none]
[debug] [2025-12-08T09:11:48.847Z] >>> [apiv2][(partial)header] GET https://serviceusage.googleapis.com/v1/projects/jaslinghome/services/firebaseio.com x-goog-quota-user=projects/jaslinghome
[debug] [2025-12-08T09:11:48.859Z] <<< [apiv2][status] POST https://www.googleapis.com/oauth2/v3/token 200
[debug] [2025-12-08T09:11:48.859Z] <<< [apiv2][body] POST https://www.googleapis.com/oauth2/v3/token [omitted]
[debug] [2025-12-08T09:11:48.875Z] >>> [apiv2][query] GET https://serviceusage.googleapis.com/v1/projects/jaslinghome/services/firestore.googleapis.com [none]
[debug] [2025-12-08T09:11:48.875Z] >>> [apiv2][(partial)header] GET https://serviceusage.googleapis.com/v1/projects/jaslinghome/services/firestore.googleapis.com x-goog-quota-user=projects/jaslinghome
[debug] [2025-12-08T09:11:48.914Z] <<< [apiv2][status] POST https://www.googleapis.com/oauth2/v3/token 200
[debug] [2025-12-08T09:11:48.914Z] <<< [apiv2][body] POST https://www.googleapis.com/oauth2/v3/token [omitted]
[debug] [2025-12-08T09:11:48.935Z] >>> [apiv2][query] GET https://serviceusage.googleapis.com/v1/projects/jaslinghome/services/firebasedataconnect.googleapis.com [none]
[debug] [2025-12-08T09:11:48.935Z] >>> [apiv2][(partial)header] GET https://serviceusage.googleapis.com/v1/projects/jaslinghome/services/firebasedataconnect.googleapis.com x-goog-quota-user=projects/jaslinghome
[debug] [2025-12-08T09:11:48.943Z] <<< [apiv2][status] POST https://www.googleapis.com/oauth2/v3/token 200
[debug] [2025-12-08T09:11:48.943Z] <<< [apiv2][body] POST https://www.googleapis.com/oauth2/v3/token [omitted]
[debug] [2025-12-08T09:11:48.962Z] >>> [apiv2][query] GET https://serviceusage.googleapis.com/v1/projects/jaslinghome/services/firebaseapphosting.googleapis.com [none]
[debug] [2025-12-08T09:11:48.965Z] >>> [apiv2][(partial)header] GET https://serviceusage.googleapis.com/v1/projects/jaslinghome/services/firebaseapphosting.googleapis.com x-goog-quota-user=projects/jaslinghome
[debug] [2025-12-08T09:11:48.980Z] <<< [apiv2][status] POST https://www.googleapis.com/oauth2/v3/token 200
[debug] [2025-12-08T09:11:48.980Z] <<< [apiv2][body] POST https://www.googleapis.com/oauth2/v3/token [omitted]
[debug] [2025-12-08T09:11:49.000Z] >>> [apiv2][query] GET https://serviceusage.googleapis.com/v1/projects/jaslinghome/services/firebaseio.com [none]
[debug] [2025-12-08T09:11:49.000Z] >>> [apiv2][(partial)header] GET https://serviceusage.googleapis.com/v1/projects/jaslinghome/services/firebaseio.com x-goog-quota-user=projects/jaslinghome
[debug] [2025-12-08T09:11:49.025Z] <<< [apiv2][status] POST https://www.googleapis.com/oauth2/v3/token 200
[debug] [2025-12-08T09:11:49.025Z] <<< [apiv2][body] POST https://www.googleapis.com/oauth2/v3/token [omitted]
[debug] [2025-12-08T09:11:49.052Z] >>> [apiv2][query] GET https://serviceusage.googleapis.com/v1/projects/jaslinghome/services/firebasedataconnect.googleapis.com [none]
[debug] [2025-12-08T09:11:49.052Z] >>> [apiv2][(partial)header] GET https://serviceusage.googleapis.com/v1/projects/jaslinghome/services/firebasedataconnect.googleapis.com x-goog-quota-user=projects/jaslinghome
[debug] [2025-12-08T09:11:49.084Z] <<< [apiv2][status] POST https://www.googleapis.com/oauth2/v3/token 200
[debug] [2025-12-08T09:11:49.085Z] <<< [apiv2][body] POST https://www.googleapis.com/oauth2/v3/token [omitted]
[debug] [2025-12-08T09:11:49.097Z] >>> [apiv2][query] GET https://serviceusage.googleapis.com/v1/projects/jaslinghome/services/firebaseapphosting.googleapis.com [none]
[debug] [2025-12-08T09:11:49.098Z] >>> [apiv2][(partial)header] GET https://serviceusage.googleapis.com/v1/projects/jaslinghome/services/firebaseapphosting.googleapis.com x-goog-quota-user=projects/jaslinghome
[debug] [2025-12-08T09:11:49.121Z] <<< [apiv2][status] GET https://serviceusage.googleapis.com/v1/projects/jaslinghome/services/firebaseio.com 403
[debug] [2025-12-08T09:11:49.121Z] <<< [apiv2][body] GET https://serviceusage.googleapis.com/v1/projects/jaslinghome/services/firebaseio.com [omitted]
[debug] [2025-12-08T09:11:49.856Z] <<< [apiv2][status] GET https://serviceusage.googleapis.com/v1/projects/jaslinghome/services/firestore.googleapis.com 403
[debug] [2025-12-08T09:11:49.856Z] <<< [apiv2][body] GET https://serviceusage.googleapis.com/v1/projects/jaslinghome/services/firestore.googleapis.com [omitted]
[debug] [2025-12-08T09:11:49.886Z] <<< [apiv2][status] GET https://serviceusage.googleapis.com/v1/projects/jaslinghome/services/firestore.googleapis.com 403
[debug] [2025-12-08T09:11:49.887Z] <<< [apiv2][body] GET https://serviceusage.googleapis.com/v1/projects/jaslinghome/services/firestore.googleapis.com [omitted]
[debug] [2025-12-08T09:11:50.036Z] <<< [apiv2][status] GET https://serviceusage.googleapis.com/v1/projects/jaslinghome/services/firebasedataconnect.googleapis.com 403
[debug] [2025-12-08T09:11:50.036Z] <<< [apiv2][body] GET https://serviceusage.googleapis.com/v1/projects/jaslinghome/services/firebasedataconnect.googleapis.com [omitted]
[debug] [2025-12-08T09:11:50.054Z] <<< [apiv2][status] GET https://serviceusage.googleapis.com/v1/projects/jaslinghome/services/firebaseapphosting.googleapis.com 403
[debug] [2025-12-08T09:11:50.054Z] <<< [apiv2][body] GET https://serviceusage.googleapis.com/v1/projects/jaslinghome/services/firebaseapphosting.googleapis.com [omitted]
[debug] [2025-12-08T09:11:50.077Z] <<< [apiv2][status] GET https://serviceusage.googleapis.com/v1/projects/jaslinghome/services/firebaseio.com 403
[debug] [2025-12-08T09:11:50.078Z] <<< [apiv2][body] GET https://serviceusage.googleapis.com/v1/projects/jaslinghome/services/firebaseio.com [omitted]
[error] Failed to fetch Firebase Project from Studio Workspace because WORKSPACE_SLUG environment variable is empty
[error] Failed to fetch Firebase Project from Studio Workspace because WORKSPACE_SLUG environment variable is empty
[error] Failed to fetch Firebase Project from Studio Workspace because WORKSPACE_SLUG environment variable is empty
[debug] [2025-12-08T09:11:50.107Z] > command requires scopes: ["email","openid","https://www.googleapis.com/auth/cloudplatformprojects.readonly","https://www.googleapis.com/auth/firebase","https://www.googleapis.com/auth/cloud-platform","https://www.googleapis.com/auth/userinfo.email"]
[debug] [2025-12-08T09:11:50.107Z] > authorizing via signed-in user (jasling613@gmail.com)
[error] Failed to fetch Firebase Project from Studio Workspace because WORKSPACE_SLUG environment variable is empty
[debug] [2025-12-08T09:11:50.114Z] > command requires scopes: ["email","openid","https://www.googleapis.com/auth/cloudplatformprojects.readonly","https://www.googleapis.com/auth/firebase","https://www.googleapis.com/auth/cloud-platform","https://www.googleapis.com/auth/userinfo.email"]
[debug] [2025-12-08T09:11:50.115Z] > authorizing via signed-in user (jasling613@gmail.com)
[debug] [2025-12-08T09:11:50.121Z] <<< [apiv2][status] GET https://serviceusage.googleapis.com/v1/projects/jaslinghome/services/firebasedataconnect.googleapis.com 403
[debug] [2025-12-08T09:11:50.122Z] <<< [apiv2][body] GET https://serviceusage.googleapis.com/v1/projects/jaslinghome/services/firebasedataconnect.googleapis.com [omitted]
[debug] [2025-12-08T09:11:50.126Z] <<< [apiv2][status] GET https://serviceusage.googleapis.com/v1/projects/jaslinghome/services/firebaseapphosting.googleapis.com 403
[debug] [2025-12-08T09:11:50.126Z] <<< [apiv2][body] GET https://serviceusage.googleapis.com/v1/projects/jaslinghome/services/firebaseapphosting.googleapis.com [omitted]
[error] Failed to fetch Firebase Project from Studio Workspace because WORKSPACE_SLUG environment variable is empty
[error] Failed to fetch Firebase Project from Studio Workspace because WORKSPACE_SLUG environment variable is empty
[error] Failed to fetch Firebase Project from Studio Workspace because WORKSPACE_SLUG environment variable is empty
[error] Failed to fetch Firebase Project from Studio Workspace because WORKSPACE_SLUG environment variable is empty
[debug] [2025-12-08T09:11:50.216Z] > command requires scopes: ["email","openid","https://www.googleapis.com/auth/cloudplatformprojects.readonly","https://www.googleapis.com/auth/firebase","https://www.googleapis.com/auth/cloud-platform","https://www.googleapis.com/auth/userinfo.email"]
[debug] [2025-12-08T09:11:50.216Z] > authorizing via signed-in user (jasling613@gmail.com)
[error] Failed to fetch Firebase Project from Studio Workspace because WORKSPACE_SLUG environment variable is empty
[debug] [2025-12-08T09:11:50.223Z] > command requires scopes: ["email","openid","https://www.googleapis.com/auth/cloudplatformprojects.readonly","https://www.googleapis.com/auth/firebase","https://www.googleapis.com/auth/cloud-platform","https://www.googleapis.com/auth/userinfo.email"]
[debug] [2025-12-08T09:11:50.224Z] > authorizing via signed-in user (jasling613@gmail.com)
[error] Failed to fetch Firebase Project from Studio Workspace because WORKSPACE_SLUG environment variable is empty
[error] Failed to fetch Firebase Project from Studio Workspace because WORKSPACE_SLUG environment variable is empty
[debug] [2025-12-08T09:11:50.253Z] > command requires scopes: ["email","openid","https://www.googleapis.com/auth/cloudplatformprojects.readonly","https://www.googleapis.com/auth/firebase","https://www.googleapis.com/auth/cloud-platform","https://www.googleapis.com/auth/userinfo.email"]
[debug] [2025-12-08T09:11:50.253Z] > authorizing via signed-in user (jasling613@gmail.com)
[error] Failed to fetch Firebase Project from Studio Workspace because WORKSPACE_SLUG environment variable is empty
[debug] [2025-12-08T09:11:50.256Z] > command requires scopes: ["email","openid","https://www.googleapis.com/auth/cloudplatformprojects.readonly","https://www.googleapis.com/auth/firebase","https://www.googleapis.com/auth/cloud-platform","https://www.googleapis.com/auth/userinfo.email"]
[debug] [2025-12-08T09:11:50.258Z] > authorizing via signed-in user (jasling613@gmail.com)
[error] Failed to fetch Firebase Project from Studio Workspace because WORKSPACE_SLUG environment variable is empty
[error] Failed to fetch Firebase Project from Studio Workspace because WORKSPACE_SLUG environment variable is empty
[error] Failed to fetch Firebase Project from Studio Workspace because WORKSPACE_SLUG environment variable is empty
[error] Failed to fetch Firebase Project from Studio Workspace because WORKSPACE_SLUG environment variable is empty
[debug] [2025-12-09T04:58:36.134Z] > command requires scopes: ["email","openid","https://www.googleapis.com/auth/cloudplatformprojects.readonly","https://www.googleapis.com/auth/firebase","https://www.googleapis.com/auth/cloud-platform","https://www.googleapis.com/auth/userinfo.email"]
[debug] [2025-12-09T04:58:36.136Z] > authorizing via signed-in user (jasling613@gmail.com)
[debug] [2025-12-09T04:58:36.149Z] Checked if tokens are valid: false, expires at: 1765188708085
[debug] [2025-12-09T04:58:36.150Z] Checked if tokens are valid: false, expires at: 1765188708085
[debug] [2025-12-09T04:58:36.151Z] > refreshing access token with scopes: []
[debug] [2025-12-09T04:58:36.155Z] >>> [apiv2][query] POST https://www.googleapis.com/oauth2/v3/token [none]
[debug] [2025-12-09T04:58:36.156Z] >>> [apiv2][body] POST https://www.googleapis.com/oauth2/v3/token [omitted]
[debug] [2025-12-09T04:58:36.161Z] Checked if tokens are valid: false, expires at: 1765188708085
[debug] [2025-12-09T04:58:36.161Z] Checked if tokens are valid: false, expires at: 1765188708085
[debug] [2025-12-09T04:58:36.161Z] > refreshing access token with scopes: []
[debug] [2025-12-09T04:58:36.162Z] >>> [apiv2][query] POST https://www.googleapis.com/oauth2/v3/token [none]
[debug] [2025-12-09T04:58:36.163Z] >>> [apiv2][body] POST https://www.googleapis.com/oauth2/v3/token [omitted]
[debug] [2025-12-09T04:58:36.189Z] Checked if tokens are valid: false, expires at: 1765188708085
[debug] [2025-12-09T04:58:36.189Z] Checked if tokens are valid: false, expires at: 1765188708085
[debug] [2025-12-09T04:58:36.189Z] > refreshing access token with scopes: []
[debug] [2025-12-09T04:58:36.190Z] >>> [apiv2][query] POST https://www.googleapis.com/oauth2/v3/token [none]
[debug] [2025-12-09T04:58:36.190Z] >>> [apiv2][body] POST https://www.googleapis.com/oauth2/v3/token [omitted]
[debug] [2025-12-09T04:58:36.195Z] Checked if tokens are valid: false, expires at: 1765188708085
[debug] [2025-12-09T04:58:36.195Z] Checked if tokens are valid: false, expires at: 1765188708085
[debug] [2025-12-09T04:58:36.195Z] > refreshing access token with scopes: []
[debug] [2025-12-09T04:58:36.195Z] >>> [apiv2][query] POST https://www.googleapis.com/oauth2/v3/token [none]
[debug] [2025-12-09T04:58:36.195Z] >>> [apiv2][body] POST https://www.googleapis.com/oauth2/v3/token [omitted]
[debug] [2025-12-09T04:58:36.198Z] > command requires scopes: ["email","openid","https://www.googleapis.com/auth/cloudplatformprojects.readonly","https://www.googleapis.com/auth/firebase","https://www.googleapis.com/auth/cloud-platform","https://www.googleapis.com/auth/userinfo.email"]
[debug] [2025-12-09T04:58:36.198Z] > authorizing via signed-in user (jasling613@gmail.com)
[debug] [2025-12-09T04:58:36.200Z] Checked if tokens are valid: false, expires at: 1765188708085
[debug] [2025-12-09T04:58:36.200Z] Checked if tokens are valid: false, expires at: 1765188708085
[debug] [2025-12-09T04:58:36.200Z] > refreshing access token with scopes: []
[debug] [2025-12-09T04:58:36.201Z] >>> [apiv2][query] POST https://www.googleapis.com/oauth2/v3/token [none]
[debug] [2025-12-09T04:58:36.201Z] >>> [apiv2][body] POST https://www.googleapis.com/oauth2/v3/token [omitted]
[debug] [2025-12-09T04:58:36.204Z] Checked if tokens are valid: false, expires at: 1765188708085
[debug] [2025-12-09T04:58:36.204Z] Checked if tokens are valid: false, expires at: 1765188708085
[debug] [2025-12-09T04:58:36.205Z] > refreshing access token with scopes: []
[debug] [2025-12-09T04:58:36.205Z] >>> [apiv2][query] POST https://www.googleapis.com/oauth2/v3/token [none]
[debug] [2025-12-09T04:58:36.205Z] >>> [apiv2][body] POST https://www.googleapis.com/oauth2/v3/token [omitted]
[debug] [2025-12-09T04:58:36.211Z] Checked if tokens are valid: false, expires at: 1765188708085
[debug] [2025-12-09T04:58:36.212Z] Checked if tokens are valid: false, expires at: 1765188708085
[debug] [2025-12-09T04:58:36.212Z] > refreshing access token with scopes: []
[debug] [2025-12-09T04:58:36.212Z] >>> [apiv2][query] POST https://www.googleapis.com/oauth2/v3/token [none]
[debug] [2025-12-09T04:58:36.212Z] >>> [apiv2][body] POST https://www.googleapis.com/oauth2/v3/token [omitted]
[debug] [2025-12-09T04:58:36.215Z] Checked if tokens are valid: false, expires at: 1765188708085
[debug] [2025-12-09T04:58:36.215Z] Checked if tokens are valid: false, expires at: 1765188708085
[debug] [2025-12-09T04:58:36.216Z] > refreshing access token with scopes: []
[debug] [2025-12-09T04:58:36.217Z] >>> [apiv2][query] POST https://www.googleapis.com/oauth2/v3/token [none]
[debug] [2025-12-09T04:58:36.217Z] >>> [apiv2][body] POST https://www.googleapis.com/oauth2/v3/token [omitted]
[debug] [2025-12-09T04:58:36.401Z] <<< [apiv2][status] POST https://www.googleapis.com/oauth2/v3/token 200
[debug] [2025-12-09T04:58:36.403Z] <<< [apiv2][body] POST https://www.googleapis.com/oauth2/v3/token [omitted]
[debug] [2025-12-09T04:58:36.427Z] >>> [apiv2][query] GET https://serviceusage.googleapis.com/v1/projects/jaslinghome/services/firebaseio.com [none]
[debug] [2025-12-09T04:58:36.427Z] >>> [apiv2][(partial)header] GET https://serviceusage.googleapis.com/v1/projects/jaslinghome/services/firebaseio.com x-goog-quota-user=projects/jaslinghome
[debug] [2025-12-09T04:58:36.450Z] <<< [apiv2][status] POST https://www.googleapis.com/oauth2/v3/token 200
[debug] [2025-12-09T04:58:36.450Z] <<< [apiv2][body] POST https://www.googleapis.com/oauth2/v3/token [omitted]
[debug] [2025-12-09T04:58:36.470Z] >>> [apiv2][query] GET https://serviceusage.googleapis.com/v1/projects/jaslinghome/services/firestore.googleapis.com [none]
[debug] [2025-12-09T04:58:36.470Z] >>> [apiv2][(partial)header] GET https://serviceusage.googleapis.com/v1/projects/jaslinghome/services/firestore.googleapis.com x-goog-quota-user=projects/jaslinghome
[debug] [2025-12-09T04:58:36.474Z] <<< [apiv2][status] POST https://www.googleapis.com/oauth2/v3/token 200
[debug] [2025-12-09T04:58:36.474Z] <<< [apiv2][body] POST https://www.googleapis.com/oauth2/v3/token [omitted]
[debug] [2025-12-09T04:58:36.494Z] >>> [apiv2][query] GET https://serviceusage.googleapis.com/v1/projects/jaslinghome/services/firestore.googleapis.com [none]
[debug] [2025-12-09T04:58:36.494Z] >>> [apiv2][(partial)header] GET https://serviceusage.googleapis.com/v1/projects/jaslinghome/services/firestore.googleapis.com x-goog-quota-user=projects/jaslinghome
[debug] [2025-12-09T04:58:36.568Z] <<< [apiv2][status] POST https://www.googleapis.com/oauth2/v3/token 200
[debug] [2025-12-09T04:58:36.571Z] <<< [apiv2][body] POST https://www.googleapis.com/oauth2/v3/token [omitted]
[debug] [2025-12-09T04:58:36.593Z] >>> [apiv2][query] GET https://serviceusage.googleapis.com/v1/projects/jaslinghome/services/firebaseapphosting.googleapis.com [none]
[debug] [2025-12-09T04:58:36.593Z] >>> [apiv2][(partial)header] GET https://serviceusage.googleapis.com/v1/projects/jaslinghome/services/firebaseapphosting.googleapis.com x-goog-quota-user=projects/jaslinghome
[debug] [2025-12-09T04:58:36.624Z] <<< [apiv2][status] POST https://www.googleapis.com/oauth2/v3/token 200
[debug] [2025-12-09T04:58:36.624Z] <<< [apiv2][body] POST https://www.googleapis.com/oauth2/v3/token [omitted]
[debug] [2025-12-09T04:58:36.648Z] >>> [apiv2][query] GET https://serviceusage.googleapis.com/v1/projects/jaslinghome/services/firebaseapphosting.googleapis.com [none]
[debug] [2025-12-09T04:58:36.648Z] >>> [apiv2][(partial)header] GET https://serviceusage.googleapis.com/v1/projects/jaslinghome/services/firebaseapphosting.googleapis.com x-goog-quota-user=projects/jaslinghome
[debug] [2025-12-09T04:58:36.654Z] <<< [apiv2][status] POST https://www.googleapis.com/oauth2/v3/token 200
[debug] [2025-12-09T04:58:36.655Z] <<< [apiv2][body] POST https://www.googleapis.com/oauth2/v3/token [omitted]
[debug] [2025-12-09T04:58:36.676Z] >>> [apiv2][query] GET https://serviceusage.googleapis.com/v1/projects/jaslinghome/services/firebasedataconnect.googleapis.com [none]
[debug] [2025-12-09T04:58:36.676Z] >>> [apiv2][(partial)header] GET https://serviceusage.googleapis.com/v1/projects/jaslinghome/services/firebasedataconnect.googleapis.com x-goog-quota-user=projects/jaslinghome
[debug] [2025-12-09T04:58:36.703Z] <<< [apiv2][status] POST https://www.googleapis.com/oauth2/v3/token 200
[debug] [2025-12-09T04:58:36.706Z] <<< [apiv2][body] POST https://www.googleapis.com/oauth2/v3/token [omitted]
[debug] [2025-12-09T04:58:36.734Z] >>> [apiv2][query] GET https://serviceusage.googleapis.com/v1/projects/jaslinghome/services/firebaseio.com [none]
[debug] [2025-12-09T04:58:36.734Z] >>> [apiv2][(partial)header] GET https://serviceusage.googleapis.com/v1/projects/jaslinghome/services/firebaseio.com x-goog-quota-user=projects/jaslinghome
[debug] [2025-12-09T04:58:36.776Z] <<< [apiv2][status] POST https://www.googleapis.com/oauth2/v3/token 200
[debug] [2025-12-09T04:58:36.776Z] <<< [apiv2][body] POST https://www.googleapis.com/oauth2/v3/token [omitted]
[debug] [2025-12-09T04:58:36.794Z] >>> [apiv2][query] GET https://serviceusage.googleapis.com/v1/projects/jaslinghome/services/firebasedataconnect.googleapis.com [none]
[debug] [2025-12-09T04:58:36.794Z] >>> [apiv2][(partial)header] GET https://serviceusage.googleapis.com/v1/projects/jaslinghome/services/firebasedataconnect.googleapis.com x-goog-quota-user=projects/jaslinghome
[debug] [2025-12-09T04:58:37.482Z] <<< [apiv2][status] GET https://serviceusage.googleapis.com/v1/projects/jaslinghome/services/firebaseio.com 403
[debug] [2025-12-09T04:58:37.484Z] <<< [apiv2][body] GET https://serviceusage.googleapis.com/v1/projects/jaslinghome/services/firebaseio.com [omitted]
[debug] [2025-12-09T04:58:37.505Z] <<< [apiv2][status] GET https://serviceusage.googleapis.com/v1/projects/jaslinghome/services/firestore.googleapis.com 403
[debug] [2025-12-09T04:58:37.505Z] <<< [apiv2][body] GET https://serviceusage.googleapis.com/v1/projects/jaslinghome/services/firestore.googleapis.com [omitted]
[debug] [2025-12-09T04:58:37.519Z] <<< [apiv2][status] GET https://serviceusage.googleapis.com/v1/projects/jaslinghome/services/firestore.googleapis.com 403
[debug] [2025-12-09T04:58:37.519Z] <<< [apiv2][body] GET https://serviceusage.googleapis.com/v1/projects/jaslinghome/services/firestore.googleapis.com [omitted]
[debug] [2025-12-09T04:58:37.557Z] <<< [apiv2][status] GET https://serviceusage.googleapis.com/v1/projects/jaslinghome/services/firebaseapphosting.googleapis.com 403
[debug] [2025-12-09T04:58:37.560Z] <<< [apiv2][body] GET https://serviceusage.googleapis.com/v1/projects/jaslinghome/services/firebaseapphosting.googleapis.com [omitted]
[debug] [2025-12-09T04:58:37.711Z] <<< [apiv2][status] GET https://serviceusage.googleapis.com/v1/projects/jaslinghome/services/firebasedataconnect.googleapis.com 403
[debug] [2025-12-09T04:58:37.712Z] <<< [apiv2][body] GET https://serviceusage.googleapis.com/v1/projects/jaslinghome/services/firebasedataconnect.googleapis.com [omitted]
[error] Failed to fetch Firebase Project from Studio Workspace because WORKSPACE_SLUG environment variable is empty
[error] Failed to fetch Firebase Project from Studio Workspace because WORKSPACE_SLUG environment variable is empty
[error] Failed to fetch Firebase Project from Studio Workspace because WORKSPACE_SLUG environment variable is empty
[debug] [2025-12-09T04:58:37.742Z] > command requires scopes: ["email","openid","https://www.googleapis.com/auth/cloudplatformprojects.readonly","https://www.googleapis.com/auth/firebase","https://www.googleapis.com/auth/cloud-platform","https://www.googleapis.com/auth/userinfo.email"]
[debug] [2025-12-09T04:58:37.742Z] > authorizing via signed-in user (jasling613@gmail.com)
[error] Failed to fetch Firebase Project from Studio Workspace because WORKSPACE_SLUG environment variable is empty
[debug] [2025-12-09T04:58:37.748Z] > command requires scopes: ["email","openid","https://www.googleapis.com/auth/cloudplatformprojects.readonly","https://www.googleapis.com/auth/firebase","https://www.googleapis.com/auth/cloud-platform","https://www.googleapis.com/auth/userinfo.email"]
[debug] [2025-12-09T04:58:37.748Z] > authorizing via signed-in user (jasling613@gmail.com)
[debug] [2025-12-09T04:58:37.779Z] <<< [apiv2][status] GET https://serviceusage.googleapis.com/v1/projects/jaslinghome/services/firebasedataconnect.googleapis.com 403
[debug] [2025-12-09T04:58:37.780Z] <<< [apiv2][body] GET https://serviceusage.googleapis.com/v1/projects/jaslinghome/services/firebasedataconnect.googleapis.com [omitted]
[debug] [2025-12-09T04:58:37.788Z] <<< [apiv2][status] GET https://serviceusage.googleapis.com/v1/projects/jaslinghome/services/firebaseio.com 403
[debug] [2025-12-09T04:58:37.788Z] <<< [apiv2][body] GET https://serviceusage.googleapis.com/v1/projects/jaslinghome/services/firebaseio.com [omitted]
[debug] [2025-12-09T04:58:37.793Z] <<< [apiv2][status] GET https://serviceusage.googleapis.com/v1/projects/jaslinghome/services/firebaseapphosting.googleapis.com 403
[debug] [2025-12-09T04:58:37.794Z] <<< [apiv2][body] GET https://serviceusage.googleapis.com/v1/projects/jaslinghome/services/firebaseapphosting.googleapis.com [omitted]
[error] Failed to fetch Firebase Project from Studio Workspace because WORKSPACE_SLUG environment variable is empty
[error] Failed to fetch Firebase Project from Studio Workspace because WORKSPACE_SLUG environment variable is empty
[error] Failed to fetch Firebase Project from Studio Workspace because WORKSPACE_SLUG environment variable is empty
[error] Failed to fetch Firebase Project from Studio Workspace because WORKSPACE_SLUG environment variable is empty
[debug] [2025-12-09T04:58:37.847Z] > command requires scopes: ["email","openid","https://www.googleapis.com/auth/cloudplatformprojects.readonly","https://www.googleapis.com/auth/firebase","https://www.googleapis.com/auth/cloud-platform","https://www.googleapis.com/auth/userinfo.email"]
[debug] [2025-12-09T04:58:37.848Z] > authorizing via signed-in user (jasling613@gmail.com)
[error] Failed to fetch Firebase Project from Studio Workspace because WORKSPACE_SLUG environment variable is empty
[debug] [2025-12-09T04:58:37.858Z] > command requires scopes: ["email","openid","https://www.googleapis.com/auth/cloudplatformprojects.readonly","https://www.googleapis.com/auth/firebase","https://www.googleapis.com/auth/cloud-platform","https://www.googleapis.com/auth/userinfo.email"]
[debug] [2025-12-09T04:58:37.858Z] > authorizing via signed-in user (jasling613@gmail.com)
[error] Failed to fetch Firebase Project from Studio Workspace because WORKSPACE_SLUG environment variable is empty
[error] Failed to fetch Firebase Project from Studio Workspace because WORKSPACE_SLUG environment variable is empty
[debug] [2025-12-09T04:58:37.909Z] > command requires scopes: ["email","openid","https://www.googleapis.com/auth/cloudplatformprojects.readonly","https://www.googleapis.com/auth/firebase","https://www.googleapis.com/auth/cloud-platform","https://www.googleapis.com/auth/userinfo.email"]
[debug] [2025-12-09T04:58:37.909Z] > authorizing via signed-in user (jasling613@gmail.com)
[error] Failed to fetch Firebase Project from Studio Workspace because WORKSPACE_SLUG environment variable is empty
[debug] [2025-12-09T04:58:37.911Z] > command requires scopes: ["email","openid","https://www.googleapis.com/auth/cloudplatformprojects.readonly","https://www.googleapis.com/auth/firebase","https://www.googleapis.com/auth/cloud-platform","https://www.googleapis.com/auth/userinfo.email"]
[debug] [2025-12-09T04:58:37.911Z] > authorizing via signed-in user (jasling613@gmail.com)
